<?xml version="1.0" encoding="UTF-8"?>
<testng-results skipped="1" failed="3" total="12" passed="8">
  <reporter-output>
  </reporter-output>
  <suite name="Default suite" duration-ms="69" started-at="2019-11-06T07:11:55Z" finished-at="2019-11-06T07:11:55Z">
    <groups>
      <group name="Smoke">
        <method signature="day4.MobileLoginHomeLoan()[pri:0, instance:test.day4@6615435c]" name="MobileLoginHomeLoan" class="test.day4"/>
        <method signature="day2.ploan()[pri:0, instance:test.day2@2ef9b8bc]" name="ploan" class="test.day2"/>
        <method signature="day3.MobileLogincarLoan()[pri:0, instance:test.day3@6b143ee9]" name="MobileLogincarLoan" class="test.day3"/>
      </group> <!-- Smoke -->
    </groups>
    <test name="Default test" duration-ms="69" started-at="2019-11-06T07:11:55Z" finished-at="2019-11-06T07:11:55Z">
      <class name="test.day4">
        <test-method status="PASS" signature="LoginAPIHomeLoan()[pri:0, instance:test.day4@6615435c]" name="LoginAPIHomeLoan" duration-ms="4" started-at="2019-11-05T23:11:55Z" finished-at="2019-11-05T23:11:55Z">
          <reporter-output>
          </reporter-output>
        </test-method> <!-- LoginAPIHomeLoan -->
        <test-method status="PASS" signature="MobileLoginHomeLoan()[pri:0, instance:test.day4@6615435c]" name="MobileLoginHomeLoan" duration-ms="6" started-at="2019-11-05T23:11:55Z" finished-at="2019-11-05T23:11:55Z">
          <reporter-output>
          </reporter-output>
        </test-method> <!-- MobileLoginHomeLoan -->
        <test-method status="FAIL" signature="WebloginHomeLoan(java.lang.String)[pri:0, instance:test.day4@6615435c]" name="WebloginHomeLoan" duration-ms="0" started-at="2019-11-05T23:11:55Z" finished-at="2019-11-05T23:11:55Z">
          <exception class="org.testng.TestNGException">
            <message>
              <![CDATA[
Parameter 'URL' is required by @Test on method WebloginHomeLoan but has not been marked @Optional or defined
in C:\Users\Alvin Nguyen\AppData\Local\Temp\testng-eclipse-257615988\testng-customsuite.xml]]>
            </message>
            <full-stacktrace>
              <![CDATA[org.testng.TestNGException: 
Parameter 'URL' is required by @Test on method WebloginHomeLoan but has not been marked @Optional or defined
in C:\Users\Alvin Nguyen\AppData\Local\Temp\testng-eclipse-257615988\testng-customsuite.xml
	at org.testng.internal.Parameters.createParameters(Parameters.java:155)
	at org.testng.internal.Parameters.createParameters(Parameters.java:355)
	at org.testng.internal.Parameters.handleParameters(Parameters.java:447)
	at org.testng.internal.Invoker.handleParameters(Invoker.java:1389)
	at org.testng.internal.Invoker.createParameters(Invoker.java:1081)
	at org.testng.internal.Invoker.invokeTestMethods(Invoker.java:1186)
	at org.testng.internal.TestMethodWorker.invokeTestMethods(TestMethodWorker.java:127)
	at org.testng.internal.TestMethodWorker.run(TestMethodWorker.java:111)
	at org.testng.TestRunner.privateRun(TestRunner.java:767)
	at org.testng.TestRunner.run(TestRunner.java:617)
	at org.testng.SuiteRunner.runTest(SuiteRunner.java:334)
	at org.testng.SuiteRunner.runSequentially(SuiteRunner.java:329)
	at org.testng.SuiteRunner.privateRun(SuiteRunner.java:291)
	at org.testng.SuiteRunner.run(SuiteRunner.java:240)
	at org.testng.SuiteRunnerWorker.runSuite(SuiteRunnerWorker.java:51)
	at org.testng.SuiteRunnerWorker.run(SuiteRunnerWorker.java:85)
	at org.testng.TestNG.runSuitesSequentially(TestNG.java:1197)
	at org.testng.TestNG.runSuitesLocally(TestNG.java:1122)
	at org.testng.TestNG.run(TestNG.java:1030)
	at org.testng.remote.AbstractRemoteTestNG.run(AbstractRemoteTestNG.java:115)
	at org.testng.remote.RemoteTestNG.initAndRun(RemoteTestNG.java:251)
	at org.testng.remote.RemoteTestNG.main(RemoteTestNG.java:77)
]]>
            </full-stacktrace>
          </exception> <!-- org.testng.TestNGException -->
          <reporter-output>
          </reporter-output>
        </test-method> <!-- WebloginHomeLoan -->
      </class> <!-- test.day4 -->
      <class name="test.day2">
        <test-method status="PASS" signature="prerequiste()[pri:0, instance:test.day2@2ef9b8bc]" name="prerequiste" is-config="true" duration-ms="0" started-at="2019-11-05T23:11:55Z" finished-at="2019-11-05T23:11:55Z">
          <reporter-output>
          </reporter-output>
        </test-method> <!-- prerequiste -->
        <test-method status="PASS" signature="ploan()[pri:0, instance:test.day2@2ef9b8bc]" name="ploan" duration-ms="1" started-at="2019-11-05T23:11:55Z" finished-at="2019-11-05T23:11:55Z">
          <reporter-output>
          </reporter-output>
        </test-method> <!-- ploan -->
      </class> <!-- test.day2 -->
      <class name="test.day3">
        <test-method status="PASS" signature="Bfsuite()[pri:0, instance:test.day3@6b143ee9]" name="Bfsuite" is-config="true" duration-ms="21" started-at="2019-11-05T23:11:55Z" finished-at="2019-11-05T23:11:55Z">
          <reporter-output>
          </reporter-output>
        </test-method> <!-- Bfsuite -->
        <test-method status="PASS" signature="beforeevery()[pri:0, instance:test.day3@6b143ee9]" name="beforeevery" is-config="true" duration-ms="1" started-at="2019-11-05T23:11:55Z" finished-at="2019-11-05T23:11:55Z">
          <reporter-output>
          </reporter-output>
        </test-method> <!-- beforeevery -->
        <test-method status="PASS" signature="befoclas()[pri:0, instance:test.day3@6b143ee9]" name="befoclas" is-config="true" duration-ms="0" started-at="2019-11-05T23:11:55Z" finished-at="2019-11-05T23:11:55Z">
          <reporter-output>
          </reporter-output>
        </test-method> <!-- befoclas -->
        <test-method status="PASS" signature="MobilesignoutcarLoan(java.lang.String, java.lang.String)[pri:0, instance:test.day3@6b143ee9]" name="MobilesignoutcarLoan" duration-ms="1" started-at="2019-11-05T23:11:55Z" data-provider="getData" finished-at="2019-11-05T23:11:55Z">
          <params>
            <param index="0">
              <value>
                <![CDATA[firstsetusername]]>
              </value>
            </param>
            <param index="1">
              <value>
                <![CDATA[firstpassword]]>
              </value>
            </param>
          </params>
          <reporter-output>
          </reporter-output>
        </test-method> <!-- MobilesignoutcarLoan -->
        <test-method status="PASS" signature="afterevery()[pri:0, instance:test.day3@6b143ee9]" name="afterevery" is-config="true" duration-ms="0" started-at="2019-11-05T23:11:55Z" finished-at="2019-11-05T23:11:55Z">
          <reporter-output>
          </reporter-output>
        </test-method> <!-- afterevery -->
        <test-method status="PASS" signature="beforeevery()[pri:0, instance:test.day3@6b143ee9]" name="beforeevery" is-config="true" duration-ms="0" started-at="2019-11-05T23:11:55Z" finished-at="2019-11-05T23:11:55Z">
          <reporter-output>
          </reporter-output>
        </test-method> <!-- beforeevery -->
        <test-method status="PASS" signature="MobilesignoutcarLoan(java.lang.String, java.lang.String)[pri:0, instance:test.day3@6b143ee9]" name="MobilesignoutcarLoan" duration-ms="3" started-at="2019-11-05T23:11:55Z" data-provider="getData" finished-at="2019-11-05T23:11:55Z">
          <params>
            <param index="0">
              <value>
                <![CDATA[secondsetusername]]>
              </value>
            </param>
            <param index="1">
              <value>
                <![CDATA[secondpassword]]>
              </value>
            </param>
          </params>
          <reporter-output>
          </reporter-output>
        </test-method> <!-- MobilesignoutcarLoan -->
        <test-method status="PASS" signature="afterevery()[pri:0, instance:test.day3@6b143ee9]" name="afterevery" is-config="true" duration-ms="0" started-at="2019-11-05T23:11:55Z" finished-at="2019-11-05T23:11:55Z">
          <reporter-output>
          </reporter-output>
        </test-method> <!-- afterevery -->
        <test-method status="PASS" signature="beforeevery()[pri:0, instance:test.day3@6b143ee9]" name="beforeevery" is-config="true" duration-ms="0" started-at="2019-11-05T23:11:55Z" finished-at="2019-11-05T23:11:55Z">
          <reporter-output>
          </reporter-output>
        </test-method> <!-- beforeevery -->
        <test-method status="PASS" signature="MobilesignoutcarLoan(java.lang.String, java.lang.String)[pri:0, instance:test.day3@6b143ee9]" name="MobilesignoutcarLoan" duration-ms="2" started-at="2019-11-05T23:11:55Z" data-provider="getData" finished-at="2019-11-05T23:11:55Z">
          <params>
            <param index="0">
              <value>
                <![CDATA[thirdsetusername]]>
              </value>
            </param>
            <param index="1">
              <value>
                <![CDATA[thirdpassword]]>
              </value>
            </param>
          </params>
          <reporter-output>
          </reporter-output>
        </test-method> <!-- MobilesignoutcarLoan -->
        <test-method status="PASS" signature="afterevery()[pri:0, instance:test.day3@6b143ee9]" name="afterevery" is-config="true" duration-ms="0" started-at="2019-11-05T23:11:55Z" finished-at="2019-11-05T23:11:55Z">
          <reporter-output>
          </reporter-output>
        </test-method> <!-- afterevery -->
        <test-method status="FAIL" signature="WebloginCarLoan(java.lang.String, java.lang.String)[pri:0, instance:test.day3@6b143ee9]" name="WebloginCarLoan" duration-ms="0" started-at="2019-11-05T23:11:55Z" finished-at="2019-11-05T23:11:55Z">
          <exception class="org.testng.TestNGException">
            <message>
              <![CDATA[
Parameter 'URL' is required by @Test on method WebloginCarLoan but has not been marked @Optional or defined
in C:\Users\Alvin Nguyen\AppData\Local\Temp\testng-eclipse-257615988\testng-customsuite.xml]]>
            </message>
            <full-stacktrace>
              <![CDATA[org.testng.TestNGException: 
Parameter 'URL' is required by @Test on method WebloginCarLoan but has not been marked @Optional or defined
in C:\Users\Alvin Nguyen\AppData\Local\Temp\testng-eclipse-257615988\testng-customsuite.xml
	at org.testng.internal.Parameters.createParameters(Parameters.java:155)
	at org.testng.internal.Parameters.createParameters(Parameters.java:355)
	at org.testng.internal.Parameters.handleParameters(Parameters.java:447)
	at org.testng.internal.Invoker.handleParameters(Invoker.java:1389)
	at org.testng.internal.Invoker.createParameters(Invoker.java:1081)
	at org.testng.internal.Invoker.invokeTestMethods(Invoker.java:1186)
	at org.testng.internal.TestMethodWorker.invokeTestMethods(TestMethodWorker.java:127)
	at org.testng.internal.TestMethodWorker.run(TestMethodWorker.java:111)
	at org.testng.TestRunner.privateRun(TestRunner.java:767)
	at org.testng.TestRunner.run(TestRunner.java:617)
	at org.testng.SuiteRunner.runTest(SuiteRunner.java:334)
	at org.testng.SuiteRunner.runSequentially(SuiteRunner.java:329)
	at org.testng.SuiteRunner.privateRun(SuiteRunner.java:291)
	at org.testng.SuiteRunner.run(SuiteRunner.java:240)
	at org.testng.SuiteRunnerWorker.runSuite(SuiteRunnerWorker.java:51)
	at org.testng.SuiteRunnerWorker.run(SuiteRunnerWorker.java:85)
	at org.testng.TestNG.runSuitesSequentially(TestNG.java:1197)
	at org.testng.TestNG.runSuitesLocally(TestNG.java:1122)
	at org.testng.TestNG.run(TestNG.java:1030)
	at org.testng.remote.AbstractRemoteTestNG.run(AbstractRemoteTestNG.java:115)
	at org.testng.remote.RemoteTestNG.initAndRun(RemoteTestNG.java:251)
	at org.testng.remote.RemoteTestNG.main(RemoteTestNG.java:77)
]]>
            </full-stacktrace>
          </exception> <!-- org.testng.TestNGException -->
          <reporter-output>
          </reporter-output>
        </test-method> <!-- WebloginCarLoan -->
        <test-method status="PASS" signature="beforeevery()[pri:0, instance:test.day3@6b143ee9]" name="beforeevery" is-config="true" duration-ms="1" started-at="2019-11-05T23:11:55Z" finished-at="2019-11-05T23:11:55Z">
          <reporter-output>
          </reporter-output>
        </test-method> <!-- beforeevery -->
        <test-method status="PASS" signature="MobileLogincarLoan()[pri:0, instance:test.day3@6b143ee9]" name="MobileLogincarLoan" duration-ms="2" started-at="2019-11-05T23:11:55Z" finished-at="2019-11-05T23:11:55Z">
          <reporter-output>
          </reporter-output>
        </test-method> <!-- MobileLogincarLoan -->
        <test-method status="PASS" signature="afterevery()[pri:0, instance:test.day3@6b143ee9]" name="afterevery" is-config="true" duration-ms="1" started-at="2019-11-05T23:11:55Z" finished-at="2019-11-05T23:11:55Z">
          <reporter-output>
          </reporter-output>
        </test-method> <!-- afterevery -->
        <test-method status="SKIP" signature="APIcarLoan()[pri:0, instance:test.day3@6b143ee9]" name="APIcarLoan" duration-ms="0" started-at="2019-11-05T23:11:55Z" depends-on-methods="test.day3.WebloginCarLoan, test.day3.MobilesignoutcarLoan" finished-at="2019-11-05T23:11:55Z">
          <reporter-output>
          </reporter-output>
        </test-method> <!-- APIcarLoan -->
        <test-method status="PASS" signature="afteclas()[pri:0, instance:test.day3@6b143ee9]" name="afteclas" is-config="true" duration-ms="1" started-at="2019-11-05T23:11:55Z" finished-at="2019-11-05T23:11:55Z">
          <reporter-output>
          </reporter-output>
        </test-method> <!-- afteclas -->
      </class> <!-- test.day3 -->
      <class name="test.day1">
        <test-method status="FAIL" signature="Demo()[pri:0, instance:test.day1@1936f0f5]" name="Demo" duration-ms="4" started-at="2019-11-05T23:11:55Z" finished-at="2019-11-05T23:11:55Z">
          <exception class="java.lang.AssertionError">
            <message>
              <![CDATA[expected [true] but found [false]]]>
            </message>
            <full-stacktrace>
              <![CDATA[java.lang.AssertionError: expected [true] but found [false]
	at org.testng.Assert.fail(Assert.java:89)
	at org.testng.Assert.failNotEquals(Assert.java:489)
	at org.testng.Assert.assertTrue(Assert.java:37)
	at org.testng.Assert.assertTrue(Assert.java:47)
	at test.day1.Demo(day1.java:22)
	at sun.reflect.NativeMethodAccessorImpl.invoke0(Native Method)
	at sun.reflect.NativeMethodAccessorImpl.invoke(Unknown Source)
	at sun.reflect.DelegatingMethodAccessorImpl.invoke(Unknown Source)
	at java.lang.reflect.Method.invoke(Unknown Source)
	at org.testng.internal.MethodInvocationHelper.invokeMethod(MethodInvocationHelper.java:80)
	at org.testng.internal.Invoker.invokeMethod(Invoker.java:715)
	at org.testng.internal.Invoker.invokeTestMethod(Invoker.java:907)
	at org.testng.internal.Invoker.invokeTestMethods(Invoker.java:1237)
	at org.testng.internal.TestMethodWorker.invokeTestMethods(TestMethodWorker.java:127)
	at org.testng.internal.TestMethodWorker.run(TestMethodWorker.java:111)
	at org.testng.TestRunner.privateRun(TestRunner.java:767)
	at org.testng.TestRunner.run(TestRunner.java:617)
	at org.testng.SuiteRunner.runTest(SuiteRunner.java:334)
	at org.testng.SuiteRunner.runSequentially(SuiteRunner.java:329)
	at org.testng.SuiteRunner.privateRun(SuiteRunner.java:291)
	at org.testng.SuiteRunner.run(SuiteRunner.java:240)
	at org.testng.SuiteRunnerWorker.runSuite(SuiteRunnerWorker.java:51)
	at org.testng.SuiteRunnerWorker.run(SuiteRunnerWorker.java:85)
	at org.testng.TestNG.runSuitesSequentially(TestNG.java:1197)
	at org.testng.TestNG.runSuitesLocally(TestNG.java:1122)
	at org.testng.TestNG.run(TestNG.java:1030)
	at org.testng.remote.AbstractRemoteTestNG.run(AbstractRemoteTestNG.java:115)
	at org.testng.remote.RemoteTestNG.initAndRun(RemoteTestNG.java:251)
	at org.testng.remote.RemoteTestNG.main(RemoteTestNG.java:77)
]]>
            </full-stacktrace>
          </exception> <!-- java.lang.AssertionError -->
          <reporter-output>
          </reporter-output>
        </test-method> <!-- Demo -->
        <test-method status="PASS" signature="SecondTest()[pri:0, instance:test.day1@1936f0f5]" name="SecondTest" duration-ms="2" started-at="2019-11-05T23:11:55Z" finished-at="2019-11-05T23:11:55Z">
          <reporter-output>
          </reporter-output>
        </test-method> <!-- SecondTest -->
        <test-method status="PASS" signature="lastexecution()[pri:0, instance:test.day1@1936f0f5]" name="lastexecution" is-config="true" duration-ms="1" started-at="2019-11-05T23:11:55Z" finished-at="2019-11-05T23:11:55Z">
          <reporter-output>
          </reporter-output>
        </test-method> <!-- lastexecution -->
        <test-method status="PASS" signature="afSyite()[pri:0, instance:test.day1@1936f0f5]" name="afSyite" is-config="true" duration-ms="0" started-at="2019-11-05T23:11:55Z" finished-at="2019-11-05T23:11:55Z">
          <reporter-output>
          </reporter-output>
        </test-method> <!-- afSyite -->
      </class> <!-- test.day1 -->
    </test> <!-- Default test -->
  </suite> <!-- Default suite -->
</testng-results>
